{"name": "search data -- @1.3 ", "status": "broken", "statusDetails": {"message": "selenium.common.exceptions.ElementClickInterceptedException: Message: element click intercepted: Element <input class=\"_3704LK\" type=\"text\" title=\"Search for products, brands and more\" name=\"q\" autocomplete=\"off\" placeholder=\"Search for products, brands and more\" value=\"\"> is not clickable at point (439, 28). Other element would receive the click: <div class=\"_3oBhRa col col-2-5 _4H6HH5\">...</div>\n  (Session info: chrome=107.0.5304.88)\n\n", "trace": "  File \"C:\\Users\\Vijay\\AppData\\Local\\Programs\\Python\\Python310\\lib\\site-packages\\behave\\model.py\", line 1329, in run\n    match.run(runner.context)\n  File \"C:\\Users\\Vijay\\AppData\\Local\\Programs\\Python\\Python310\\lib\\site-packages\\behave\\matchers.py\", line 98, in run\n    self.func(context, *args, **kwargs)\n  File \"features\\steps\\searchfeature.py\", line 36, in step_impl\n    context.search.text_Searchbar(searchTEXT)\n  File \"C:\\Users\\Vijay\\PycharmProjects\\SPRINTFLIPKART\\BDDBehavePOM\\features\\pageobject\\search.py\", line 47, in text_Searchbar\n    self.TypeEditBox(\"SEARCHBAR_XPATH\", searchTEXT)\n  File \"C:\\Users\\Vijay\\PycharmProjects\\SPRINTFLIPKART\\BDDBehavePOM\\features\\pageobject\\Base.py\", line 32, in TypeEditBox\n    self.driver.find_element_by_xpath(configreader.ConfigReader(\"locators\", locator)).click()\n  File \"C:\\Users\\Vijay\\AppData\\Local\\Programs\\Python\\Python310\\lib\\site-packages\\selenium\\webdriver\\remote\\webelement.py\", line 80, in click\n    self._execute(Command.CLICK_ELEMENT)\n  File \"C:\\Users\\Vijay\\AppData\\Local\\Programs\\Python\\Python310\\lib\\site-packages\\selenium\\webdriver\\remote\\webelement.py\", line 633, in _execute\n    return self._parent.execute(command, params)\n  File \"C:\\Users\\Vijay\\AppData\\Local\\Programs\\Python\\Python310\\lib\\site-packages\\selenium\\webdriver\\remote\\webdriver.py\", line 321, in execute\n    self.error_handler.check_response(response)\n  File \"C:\\Users\\Vijay\\AppData\\Local\\Programs\\Python\\Python310\\lib\\site-packages\\selenium\\webdriver\\remote\\errorhandler.py\", line 242, in check_response\n    raise exception_class(message, screen, stacktrace)\n"}, "steps": [{"name": "Given We are on flipkart website", "status": "passed", "start": 1667975495914, "stop": 1667975539920}, {"name": "When click login", "status": "passed", "start": 1667975539920, "stop": 1667975540177}, {"name": "Then Enter your \"8877996655\" in the feild", "status": "passed", "start": 1667975540177, "stop": 1667975560440}, {"name": "And Enter your \"Dog@99\" in the box", "status": "passed", "start": 1667975560440, "stop": 1667975580695}, {"name": "And click login", "status": "passed", "start": 1667975580695, "stop": 1667975580813}, {"name": "Then type \"books\" in search bar", "status": "broken", "statusDetails": {"message": "selenium.common.exceptions.ElementClickInterceptedException: Message: element click intercepted: Element <input class=\"_3704LK\" type=\"text\" title=\"Search for products, brands and more\" name=\"q\" autocomplete=\"off\" placeholder=\"Search for products, brands and more\" value=\"\"> is not clickable at point (439, 28). Other element would receive the click: <div class=\"_3oBhRa col col-2-5 _4H6HH5\">...</div>\n  (Session info: chrome=107.0.5304.88)\n\n", "trace": "  File \"C:\\Users\\Vijay\\AppData\\Local\\Programs\\Python\\Python310\\lib\\site-packages\\behave\\model.py\", line 1329, in run\n    match.run(runner.context)\n  File \"C:\\Users\\Vijay\\AppData\\Local\\Programs\\Python\\Python310\\lib\\site-packages\\behave\\matchers.py\", line 98, in run\n    self.func(context, *args, **kwargs)\n  File \"features\\steps\\searchfeature.py\", line 36, in step_impl\n    context.search.text_Searchbar(searchTEXT)\n  File \"C:\\Users\\Vijay\\PycharmProjects\\SPRINTFLIPKART\\BDDBehavePOM\\features\\pageobject\\search.py\", line 47, in text_Searchbar\n    self.TypeEditBox(\"SEARCHBAR_XPATH\", searchTEXT)\n  File \"C:\\Users\\Vijay\\PycharmProjects\\SPRINTFLIPKART\\BDDBehavePOM\\features\\pageobject\\Base.py\", line 32, in TypeEditBox\n    self.driver.find_element_by_xpath(configreader.ConfigReader(\"locators\", locator)).click()\n  File \"C:\\Users\\Vijay\\AppData\\Local\\Programs\\Python\\Python310\\lib\\site-packages\\selenium\\webdriver\\remote\\webelement.py\", line 80, in click\n    self._execute(Command.CLICK_ELEMENT)\n  File \"C:\\Users\\Vijay\\AppData\\Local\\Programs\\Python\\Python310\\lib\\site-packages\\selenium\\webdriver\\remote\\webelement.py\", line 633, in _execute\n    return self._parent.execute(command, params)\n  File \"C:\\Users\\Vijay\\AppData\\Local\\Programs\\Python\\Python310\\lib\\site-packages\\selenium\\webdriver\\remote\\webdriver.py\", line 321, in execute\n    self.error_handler.check_response(response)\n  File \"C:\\Users\\Vijay\\AppData\\Local\\Programs\\Python\\Python310\\lib\\site-packages\\selenium\\webdriver\\remote\\errorhandler.py\", line 242, in check_response\n    raise exception_class(message, screen, stacktrace)\n"}, "attachments": [{"name": "screenshot", "source": "e020a8fb-7b6e-40bd-ad4d-97c213288053-attachment.png", "type": "image/png"}], "start": 1667975580813, "stop": 1667975592526}, {"name": "And Click on search button", "status": "skipped", "start": 1667975597817, "stop": 1667975597817}, {"name": "Then Click on Product", "status": "skipped", "start": 1667975597817, "stop": 1667975597817}, {"name": "Then Click on add to cart", "status": "skipped", "start": 1667975597817, "stop": 1667975597817}], "parameters": [{"name": "username", "value": "8877996655"}, {"name": "password", "value": "Dog@99"}, {"name": "searchTEXT", "value": "books"}], "start": 1667975493003, "stop": 1667975597817, "uuid": "448b5307-e2dc-45bc-9f30-665a76fb6097", "historyId": "8bcca63abe82eaca966e1aa874c20580", "fullName": "search flipkart: search data", "labels": [{"name": "severity", "value": "normal"}, {"name": "feature", "value": "search flipkart"}, {"name": "framework", "value": "behave"}, {"name": "language", "value": "cpython3"}]}