{"name": "search data -- @1.2 ", "status": "broken", "statusDetails": {"message": "selenium.common.exceptions.ElementClickInterceptedException: Message: element click intercepted: Element <input class=\"_3704LK\" type=\"text\" title=\"Search for products, brands and more\" name=\"q\" autocomplete=\"off\" placeholder=\"Search for products, brands and more\" value=\"\"> is not clickable at point (439, 28). Other element would receive the click: <div class=\"_3oBhRa col col-2-5 _4H6HH5\">...</div>\n  (Session info: chrome=107.0.5304.88)\n\n", "trace": "  File \"C:\\Users\\Vijay\\AppData\\Local\\Programs\\Python\\Python310\\lib\\site-packages\\behave\\model.py\", line 1329, in run\n    match.run(runner.context)\n  File \"C:\\Users\\Vijay\\AppData\\Local\\Programs\\Python\\Python310\\lib\\site-packages\\behave\\matchers.py\", line 98, in run\n    self.func(context, *args, **kwargs)\n  File \"features\\steps\\searchfeature.py\", line 36, in step_impl\n    context.search.text_Searchbar(searchTEXT)\n  File \"C:\\Users\\Vijay\\PycharmProjects\\SPRINTFLIPKART\\BDDBehavePOM\\features\\pageobject\\search.py\", line 47, in text_Searchbar\n    self.TypeEditBox(\"SEARCHBAR_XPATH\", searchTEXT)\n  File \"C:\\Users\\Vijay\\PycharmProjects\\SPRINTFLIPKART\\BDDBehavePOM\\features\\pageobject\\Base.py\", line 32, in TypeEditBox\n    self.driver.find_element_by_xpath(configreader.ConfigReader(\"locators\", locator)).click()\n  File \"C:\\Users\\Vijay\\AppData\\Local\\Programs\\Python\\Python310\\lib\\site-packages\\selenium\\webdriver\\remote\\webelement.py\", line 80, in click\n    self._execute(Command.CLICK_ELEMENT)\n  File \"C:\\Users\\Vijay\\AppData\\Local\\Programs\\Python\\Python310\\lib\\site-packages\\selenium\\webdriver\\remote\\webelement.py\", line 633, in _execute\n    return self._parent.execute(command, params)\n  File \"C:\\Users\\Vijay\\AppData\\Local\\Programs\\Python\\Python310\\lib\\site-packages\\selenium\\webdriver\\remote\\webdriver.py\", line 321, in execute\n    self.error_handler.check_response(response)\n  File \"C:\\Users\\Vijay\\AppData\\Local\\Programs\\Python\\Python310\\lib\\site-packages\\selenium\\webdriver\\remote\\errorhandler.py\", line 242, in check_response\n    raise exception_class(message, screen, stacktrace)\n"}, "steps": [{"name": "Given We are on flipkart website", "status": "passed", "start": 1667977509048, "stop": 1667977553290}, {"name": "When click login", "status": "passed", "start": 1667977553291, "stop": 1667977553429}, {"name": "Then Enter your \"9538167879\" in the feild", "status": "passed", "start": 1667977553429, "stop": 1667977573709}, {"name": "And Enter your \"aswewd\" in the box", "status": "passed", "start": 1667977573709, "stop": 1667977594000}, {"name": "And click login", "status": "passed", "start": 1667977594000, "stop": 1667977594118}, {"name": "Then type \"tv\" in search bar", "status": "broken", "statusDetails": {"message": "selenium.common.exceptions.ElementClickInterceptedException: Message: element click intercepted: Element <input class=\"_3704LK\" type=\"text\" title=\"Search for products, brands and more\" name=\"q\" autocomplete=\"off\" placeholder=\"Search for products, brands and more\" value=\"\"> is not clickable at point (439, 28). Other element would receive the click: <div class=\"_3oBhRa col col-2-5 _4H6HH5\">...</div>\n  (Session info: chrome=107.0.5304.88)\n\n", "trace": "  File \"C:\\Users\\Vijay\\AppData\\Local\\Programs\\Python\\Python310\\lib\\site-packages\\behave\\model.py\", line 1329, in run\n    match.run(runner.context)\n  File \"C:\\Users\\Vijay\\AppData\\Local\\Programs\\Python\\Python310\\lib\\site-packages\\behave\\matchers.py\", line 98, in run\n    self.func(context, *args, **kwargs)\n  File \"features\\steps\\searchfeature.py\", line 36, in step_impl\n    context.search.text_Searchbar(searchTEXT)\n  File \"C:\\Users\\Vijay\\PycharmProjects\\SPRINTFLIPKART\\BDDBehavePOM\\features\\pageobject\\search.py\", line 47, in text_Searchbar\n    self.TypeEditBox(\"SEARCHBAR_XPATH\", searchTEXT)\n  File \"C:\\Users\\Vijay\\PycharmProjects\\SPRINTFLIPKART\\BDDBehavePOM\\features\\pageobject\\Base.py\", line 32, in TypeEditBox\n    self.driver.find_element_by_xpath(configreader.ConfigReader(\"locators\", locator)).click()\n  File \"C:\\Users\\Vijay\\AppData\\Local\\Programs\\Python\\Python310\\lib\\site-packages\\selenium\\webdriver\\remote\\webelement.py\", line 80, in click\n    self._execute(Command.CLICK_ELEMENT)\n  File \"C:\\Users\\Vijay\\AppData\\Local\\Programs\\Python\\Python310\\lib\\site-packages\\selenium\\webdriver\\remote\\webelement.py\", line 633, in _execute\n    return self._parent.execute(command, params)\n  File \"C:\\Users\\Vijay\\AppData\\Local\\Programs\\Python\\Python310\\lib\\site-packages\\selenium\\webdriver\\remote\\webdriver.py\", line 321, in execute\n    self.error_handler.check_response(response)\n  File \"C:\\Users\\Vijay\\AppData\\Local\\Programs\\Python\\Python310\\lib\\site-packages\\selenium\\webdriver\\remote\\errorhandler.py\", line 242, in check_response\n    raise exception_class(message, screen, stacktrace)\n"}, "attachments": [{"name": "screenshot", "source": "fe6a00b2-6300-408d-b986-2fc6f0395dda-attachment.png", "type": "image/png"}], "start": 1667977594118, "stop": 1667977605796}, {"name": "And Click on search button", "status": "skipped", "start": 1667977611632, "stop": 1667977611632}, {"name": "Then Click on Product", "status": "skipped", "start": 1667977611632, "stop": 1667977611632}, {"name": "Then Click on add to cart", "status": "skipped", "start": 1667977611632, "stop": 1667977611632}], "parameters": [{"name": "username", "value": "9538167879"}, {"name": "password", "value": "aswewd"}, {"name": "searchTEXT", "value": "tv"}], "start": 1667977505887, "stop": 1667977611632, "uuid": "5cf43f19-ca4d-4e70-a897-c8408326f6f4", "historyId": "a550d5c268ffc7b3a2ca83bf07de1f00", "fullName": "search flipkart: search data", "labels": [{"name": "severity", "value": "normal"}, {"name": "feature", "value": "search flipkart"}, {"name": "framework", "value": "behave"}, {"name": "language", "value": "cpython3"}]}